<?xml version="1.0" encoding="UTF-8"?>
<testsuite name="com.takeaway.test.domain.ActionTest" tests="1" skipped="0" failures="0" errors="0" timestamp="2019-06-23T05:40:01" hostname="JavierGbt.local" time="0.0">
  <properties/>
  <testcase name="whenGetRandomAction_thenReturnActionValue" classname="com.takeaway.test.domain.ActionTest" time="0.0"/>
  <system-out><![CDATA[]]></system-out>
  <system-err><![CDATA[]]></system-err>
</testsuite>
