<?xml version="1.0" encoding="UTF-8"?>
<testsuite name="com.takeaway.test.service.GameServiceTest" tests="15" skipped="0" failures="0" errors="0" timestamp="2019-06-23T05:40:00" hostname="JavierGbt.local" time="0.221">
  <properties/>
  <testcase name="whenPlayMoveOfPlayerAManual_thenPerformancePlayWithOutWinner" classname="com.takeaway.test.service.GameServiceTest" time="0.128"/>
  <testcase name="whenCreateNewGameWithNullInputNumberAndGameType_thenReturnAutomaticGameGameObjectAndSentToPlayerB" classname="com.takeaway.test.service.GameServiceTest" time="0.005"/>
  <testcase name="whenCreateNewGameManualTypeWithParameter_thenReturnGameObject" classname="com.takeaway.test.service.GameServiceTest" time="0.003"/>
  <testcase name="whenGetGameDataWithValidGameID_thenReturnGameData" classname="com.takeaway.test.service.GameServiceTest" time="0.005"/>
  <testcase name="whenGetGameDataWithOutGameID_thenReturnGameData" classname="com.takeaway.test.service.GameServiceTest" time="0.005"/>
  <testcase name="whenPlayFirstMoveOfPlayerBManual_thenThrowsGameNotFoundExceptions" classname="com.takeaway.test.service.GameServiceTest" time="0.004"/>
  <testcase name="whenPlayFirstMoveOfPlayerBManual_thenPlayerBWin" classname="com.takeaway.test.service.GameServiceTest" time="0.008"/>
  <testcase name="whenCreateNewGameManualTypeWithNullInputNumber_thenReturnGameObject" classname="com.takeaway.test.service.GameServiceTest" time="0.002"/>
  <testcase name="whenPlayMoveOfPlayerBManual_thenPerformancePlayWithOutWinner" classname="com.takeaway.test.service.GameServiceTest" time="0.006"/>
  <testcase name="whenPlayAutomaticUntilMaxMoves_thenCancelGame" classname="com.takeaway.test.service.GameServiceTest" time="0.01"/>
  <testcase name="whenPlayerBPlayMoveOnAutomatic_thenSendTurnToPlayerA" classname="com.takeaway.test.service.GameServiceTest" time="0.006"/>
  <testcase name="whenPlayFirstMoveOfPlayerBAutomatic_thenThrowsGameNotFoundExceptions" classname="com.takeaway.test.service.GameServiceTest" time="0.004"/>
  <testcase name="whenPlayInactiveGame_thenThrowsNoActiveGameException" classname="com.takeaway.test.service.GameServiceTest" time="0.01"/>
  <testcase name="whenGetGameDataInvalidGameID_thenReturnGameData" classname="com.takeaway.test.service.GameServiceTest" time="0.003"/>
  <testcase name="whenPlaySecondMoveOfPlayerBManual_thenPlayerAWin" classname="com.takeaway.test.service.GameServiceTest" time="0.006"/>
  <system-out><![CDATA[
  .   ____          _            __ _ _
 /\\ / ___'_ __ _ _(_)_ __  __ _ \ \ \ \
( ( )\___ | '_ | '_| | '_ \/ _` | \ \ \ \
 \\/  ___)| |_)| | | | | || (_| |  ) ) ) )
  '  |____| .__|_| |_|_| |_\__, | / / / /
 =========|_|==============|___/=/_/_/_/
 :: Spring Boot ::        (v2.1.5.RELEASE)

00:39:59.018 [Test worker] INFO  c.t.t.s.GameServiceTest - Starting GameServiceTest on JavierGbt.local with PID 53564 (started by javierbenavides in /Users/javierbenavides/Downloads/reactive/takeaway -test)
00:39:59.018 [Test worker] INFO  c.t.t.s.GameServiceTest - No active profile set, falling back to default profiles: default
00:40:00.079 [Test worker] INFO  s.d.s.w.PropertySourcedRequestMappingHandlerMapping - Mapped URL path [/v2/api-docs] onto method [public org.springframework.http.ResponseEntity<springfox.documentation.spring.web.json.Json> springfox.documentation.swagger2.web.Swagger2Controller.getDocumentation(java.lang.String,javax.servlet.http.HttpServletRequest)]
00:40:00.467 [Test worker] INFO  s.d.s.w.p.DocumentationPluginsBootstrapper - Context refreshed
00:40:00.468 [Test worker] INFO  s.d.s.w.p.DocumentationPluginsBootstrapper - Found 1 custom documentation plugin(s)
00:40:00.475 [Test worker] INFO  s.d.s.w.s.ApiListingReferenceScanner - Scanning for api listing references
00:40:00.498 [Test worker] INFO  s.d.s.w.r.o.CachingOperationNameGenerator - Generating unique operation named: startNewGameByPlayerAUsingGET_1
00:40:00.517 [Test worker] INFO  c.t.t.s.GameServiceTest - Started GameServiceTest in 1.516 seconds (JVM running for 10.32)
00:40:00.586 [Test worker] INFO  c.h.i.p.i.PartitionStateManager - [192.168.0.103]:5701 [dev] [3.11.4] Initializing cluster partition table arrangement...
Cancel game inputNumber[3] size[3]
Cancel game inputNumber[3] size[3]
playMove  isActiveGame game inputNumber[3] size[3]
]]></system-out>
  <system-err><![CDATA[]]></system-err>
</testsuite>
